
#################################
(sequential binary merge, max_mem=)
# elapsed time (mergesort_seq): 7.84586s
#################################
(sequential kway merge, max_mem=11899503)
# elapsed time (mergesort_seq): 5.42131s
#################################
(nthreads=2, max_mem=11899503)
# elapsed time (mergesort_omp): 18.021s
# elapsed time (mergesort_ff): 7.70149s
#################################
(nthreads=4, max_mem=11899503)
# elapsed time (mergesort_omp): 17.5514s
# elapsed time (mergesort_ff): 6.0291s
#################################
(nthreads=6, max_mem=11899503)
# elapsed time (mergesort_omp): 16.8226s
# elapsed time (mergesort_ff): 6.47837s
#################################
(nthreads=8, max_mem=11899503)
# elapsed time (mergesort_omp): 17.4286s
# elapsed time (mergesort_ff): 6.34269s
#################################
(nthreads=10, max_mem=11899503)
# elapsed time (mergesort_omp): 17.1767s
# elapsed time (mergesort_ff): 6.2514s
#################################
(nthreads=12, max_mem=11899503)
# elapsed time (mergesort_omp): 18.2495s
# elapsed time (mergesort_ff): 5.63878s
#################################
