#################################
(nnodes=1, filesize=4752842, nthreads=16, max_mem=1584280)
Rank 0
Hostname: node04
Rank 0
Hostname: node04
Rank 0
Hostname: node04
(nnodes=2, filesize=4752842, nthreads=16, max_mem=1584280)
Rank 1
Rank 0
Hostname: node04
Spawning 1 threads
0 < 1
Worker finished sending sorted file
[Master] Starting merge
[Master] Merge complete
# elapsed time (mergesort_mpi): 0.28467s
Rank 1
Rank 0
Hostname: node04
Spawning 1 threads
0 < 1
Worker finished sending sorted file
[Master] Starting merge
[Master] Merge complete
# elapsed time (mergesort_mpi): 0.288976s
Rank 1
Rank 0
Hostname: node04
Spawning 1 threads
0 < 1
Worker finished sending sorted file
[Master] Starting merge
[Master] Merge complete
# elapsed time (mergesort_mpi): 0.281661s
(nnodes=4, filesize=4752842, nthreads=16, max_mem=1584280)
Rank 3
Rank 1
Rank 2
Rank 0
Hostname: node04
Spawning 3 threads
0 < 3
Worker finished sending sorted file
Worker finished sending sorted file
Worker finished sending sorted file
[Master] Starting merge
[Master] Merge complete
# elapsed time (mergesort_mpi): 0.192956s
Rank 3
Rank 2
Rank 1
Rank 0
Hostname: node04
Spawning 3 threads
0 < 3
Worker finished sending sorted file
Worker finished sending sorted file
Worker finished sending sorted file
[Master] Starting merge
[Master] Merge complete
# elapsed time (mergesort_mpi): 0.20272s
Rank 1
Rank 2
Rank 3
Rank 0
Hostname: node04
Spawning 3 threads
0 < 3
Worker finished sending sorted file
Worker finished sending sorted file
Worker finished sending sorted file
[Master] Starting merge
[Master] Merge complete
# elapsed time (mergesort_mpi): 0.192487s
#################################
