
#################################
(sequential binary merge, max_mem=213781417)
# elapsed time (mergesort_seq): 91.341s
# elapsed time (mergesort_seq): 92.9167s
# elapsed time (mergesort_seq): 93.3138s
#################################
(sequential kway merge, max_mem=213781417)
# elapsed time (mergesort_seq): 93.7093s
# elapsed time (mergesort_seq): 93.4501s
# elapsed time (mergesort_seq): 91.7223s
#################################
(nthreads=4, max_mem=213781417)
# elapsed time (mergesort_omp): 46.9987s
# elapsed time (mergesort_ff): 46.5163s
# elapsed time (mergesort_omp): 47.5867s
# elapsed time (mergesort_ff): 46.6822s
# elapsed time (mergesort_omp): 47.332s
# elapsed time (mergesort_ff): 45.884s
#################################
(nthreads=8, max_mem=213781417)
# elapsed time (mergesort_omp): 74.109s
# elapsed time (mergesort_ff): 74.2544s
# elapsed time (mergesort_omp): 75.1009s
# elapsed time (mergesort_ff): 75.2642s
# elapsed time (mergesort_omp): 75.9639s
