
#################################
(sequential binary merge, max_mem=28499172)
# elapsed time (mergesort_seq): 12.2083s
# elapsed time (mergesort_seq): 12.3482s
#################################
(sequential kway merge, max_mem=28499172)
# elapsed time (mergesort_seq): 10.8785s
# elapsed time (mergesort_seq): 10.8704s
#################################
(nthreads=2, max_mem=28499172)
# elapsed time (mergesort_omp): 6.48293s
# elapsed time (mergesort_ff_no_mapping): 10.8043s
# elapsed time (mergesort_ff): 11.9749s
# elapsed time (mergesort_omp): 7.16995s
# elapsed time (mergesort_ff_no_mapping): 12.1163s
# elapsed time (mergesort_ff): 11.7642s
#################################
(nthreads=4, max_mem=28499172)
# elapsed time (mergesort_omp): 5.65501s
# elapsed time (mergesort_ff_no_mapping): 7.07126s
# elapsed time (mergesort_ff): 6.96632s
# elapsed time (mergesort_omp): 5.0852s
# elapsed time (mergesort_ff_no_mapping): 7.03146s
# elapsed time (mergesort_ff): 6.99984s
#################################
(nthreads=6, max_mem=28499172)
# elapsed time (mergesort_omp): 4.59572s
# elapsed time (mergesort_ff_no_mapping): 6.45393s
# elapsed time (mergesort_ff): 6.36747s
# elapsed time (mergesort_omp): 4.88078s
# elapsed time (mergesort_ff_no_mapping): 6.4112s
# elapsed time (mergesort_ff): 6.37269s
#################################
(nthreads=8, max_mem=28499172)
# elapsed time (mergesort_omp): 5.19867s
# elapsed time (mergesort_ff_no_mapping): 8.71188s
# elapsed time (mergesort_ff): 8.99106s
# elapsed time (mergesort_omp): 5.18791s
# elapsed time (mergesort_ff_no_mapping): 8.38267s
# elapsed time (mergesort_ff): 9.00924s
#################################
(nthreads=10, max_mem=28499172)
# elapsed time (mergesort_omp): 5.11734s
# elapsed time (mergesort_ff_no_mapping): 8.51947s
# elapsed time (mergesort_ff): 8.9974s
# elapsed time (mergesort_omp): 5.20824s
# elapsed time (mergesort_ff_no_mapping): 8.57845s
# elapsed time (mergesort_ff): 8.57023s
#################################
(nthreads=12, max_mem=28499172)
# elapsed time (mergesort_omp): 5.08252s
# elapsed time (mergesort_ff_no_mapping): 9.0022s
# elapsed time (mergesort_ff): 8.90736s
# elapsed time (mergesort_omp): 4.99698s
# elapsed time (mergesort_ff_no_mapping): 8.27025s
# elapsed time (mergesort_ff): 8.6404s
#################################
