
#################################
(sequential binary merge, max_mem=28499172)
# elapsed time (mergesort_seq): 12.9762s
# elapsed time (mergesort_seq): 12.4604s
#################################
(sequential kway merge, max_mem=28499172)
# elapsed time (mergesort_seq): 11.077s
# elapsed time (mergesort_seq): 12.0808s
#################################
(nthreads=2, max_mem=28499172)
# elapsed time (mergesort_omp): 6.42774s
# elapsed time (mergesort_ff_no_mapping): 11.1871s
# elapsed time (mergesort_ff): 12.4301s
# elapsed time (mergesort_omp): 9.26006s
# elapsed time (mergesort_ff_no_mapping): 12.7134s
# elapsed time (mergesort_ff): 12.6012s
#################################
(nthreads=4, max_mem=28499172)
# elapsed time (mergesort_omp): 5.23487s
# elapsed time (mergesort_ff_no_mapping): 6.94548s
# elapsed time (mergesort_ff): 6.99543s
# elapsed time (mergesort_omp): 5.55745s
# elapsed time (mergesort_ff_no_mapping): 7.52176s
# elapsed time (mergesort_ff): 6.96s
#################################
(nthreads=6, max_mem=28499172)
# elapsed time (mergesort_omp): 4.72153s
# elapsed time (mergesort_ff_no_mapping): 6.2943s
# elapsed time (mergesort_ff): 6.41048s
# elapsed time (mergesort_omp): 4.98906s
# elapsed time (mergesort_ff_no_mapping): 6.04143s
