
#################################
(sequential binary merge, max_mem=)
# elapsed time (mergesort_seq): 5.0924s
#################################
(sequential kway merge, max_mem=11899503)
# elapsed time (mergesort_seq): 4.54927s
#################################
(nthreads=2, max_mem=11899503)
# elapsed time (mergesort_omp): 3.03007s
# elapsed time (mergesort_ff): 5.14294s
#################################
(nthreads=4, max_mem=11899503)
# elapsed time (mergesort_omp): 2.00822s
# elapsed time (mergesort_ff): 2.76764s
#################################
(nthreads=6, max_mem=11899503)
# elapsed time (mergesort_omp): 1.70371s
# elapsed time (mergesort_ff): 2.0673s
#################################
(nthreads=8, max_mem=11899503)
# elapsed time (mergesort_omp): 1.54649s
# elapsed time (mergesort_ff): 2.72395s
#################################
(nthreads=10, max_mem=11899503)
# elapsed time (mergesort_omp): 1.66174s
# elapsed time (mergesort_ff): 2.40718s
#################################
(nthreads=12, max_mem=11899503)
# elapsed time (mergesort_omp): 1.76222s
# elapsed time (mergesort_ff): 2.31328s
#################################
