
#################################
(sequential binary merge, max_mem=15836166)
# elapsed time (mergesort_seq): 1.95654s
#################################
(sequential kway merge, max_mem=15836166)
# elapsed time (mergesort_seq): 1.66122s
#################################
(nthreads=2, max_mem=15836166)
# elapsed time (loop_time): 1.3656e-05s
# elapsed time (loop_time): 8.647e-06s
# elapsed time (loop_time): 7.719e-06s
# elapsed time (loop_time): 6.932e-06s
# elapsed time (loop_time): 1.5318e-05s
# elapsed time (loop_time): 1.7652e-05s
# elapsed time (loop_time): 0.0720555s
# elapsed time (loop_time): 0.064334s
# elapsed time (loop_time): 0.0919818s
# elapsed time (loop_time): 1.8275e-05s
# elapsed time (loop_time): 0.038497s
# elapsed time (loop_time): 0.0960396s
# elapsed time (loop_time): 1.9479e-05s
# elapsed time (loop_time): 9.043e-06s
# elapsed time (loop_time): 0.0640966s
# elapsed time (loop_time): 1.7769e-05s
# elapsed time (loop_time): 7.962e-06s
# elapsed time (loop_time): 7.132e-06s
# elapsed time (loop_time): 0.073831s
# elapsed time (loop_time): 1.5645e-05s
# elapsed time (loop_time): 0.0582676s
# elapsed time (loop_time): 1.7985e-05s
# elapsed time (loop_time): 0.0444286s
# elapsed time (loop_time): 2.9827e-05s
# elapsed time (loop_time): 0.0491822s
# elapsed time (loop_time): 1.6032e-05s
# elapsed time (loop_time): 6.749e-06s
# elapsed time (loop_time): 0.0435785s
# elapsed time (loop_time): 1.8367e-05s
# elapsed time (loop_time): 7.862e-06s
# elapsed time (loop_time): 7.314e-06s
# elapsed time (loop_time): 2.2755e-05s
# elapsed time (loop_time): 2.6532e-05s
# elapsed time (loop_time): 6.501e-06s
# elapsed time (loop_time): 7.13e-06s
# elapsed time (loop_time): 2.7534e-05s
# elapsed time (loop_time): 0.0405367s
# elapsed time (loop_time): 1.9249e-05s
# elapsed time (loop_time): 0.768796s
# elapsed time (loop_time): 5.6988e-05s
# elapsed time (loop_time): 0.043585s
# elapsed time (loop_time): 1.3777e-05s
# elapsed time (loop_time): 0.088807s
# elapsed time (loop_time): 2.8168e-05s
# elapsed time (loop_time): 9.707e-06s
# elapsed time (loop_time): 7.535e-06s
# elapsed time (loop_time): 9.017e-06s
# elapsed time (loop_time): 6.585e-06s
# elapsed time (loop_time): 6.518e-06s
# elapsed time (loop_time): 7.196e-06s
# elapsed time (loop_time): 7.011e-06s
# elapsed time (loop_time): 2.6181e-05s
# elapsed time (loop_time): 0.0522403s
# elapsed time (loop_time): 5.0675e-05s
# elapsed time (loop_time): 1.5248e-05s
# elapsed time (loop_time): 1.4993e-05s
# elapsed time (loop_time): 1.4032e-05s
# elapsed time (loop_time): 1.2972e-05s
# elapsed time (loop_time): 1.3584e-05s
# elapsed time (loop_time): 3.3653e-05s
# elapsed time (loop_time): 1.1662e-05s
# elapsed time (loop_time): 0.0425278s
# elapsed time (loop_time): 1.7147e-05s
# elapsed time (loop_time): 0.0639038s
# elapsed time (loop_time): 1.6447e-05s
# elapsed time (loop_time): 6.908e-06s
# elapsed time (loop_time): 1.3472e-05s
# elapsed time (loop_time): 7.133e-06s
# elapsed time (loop_time): 6.322e-06s
# elapsed time (loop_time): 6.301e-06s
# elapsed time (loop_time): 2.8932e-05s
# elapsed time (loop_time): 0.299622s
# elapsed time (loop_time): 0.0436049s
# elapsed time (loop_time): 1.1406e-05s
# elapsed time (loop_time): 3.346e-05s
# elapsed time (loop_time): 7.565e-06s
# elapsed time (loop_time): 8.267e-06s
# elapsed time (loop_time): 8.2e-06s
# elapsed time (loop_time): 8.311e-06s
# elapsed time (loop_time): 8.269e-06s
# elapsed time (loop_time): 0.0429312s
# elapsed time (loop_time): 3.9227e-05s
# elapsed time (loop_time): 1.5913e-05s
# elapsed time (loop_time): 3.4022e-05s
# elapsed time (loop_time): 1.5238e-05s
# elapsed time (loop_time): 3.3959e-05s
# elapsed time (loop_time): 1.0186e-05s
# elapsed time (loop_time): 1.1769e-05s
# elapsed time (loop_time): 1.0584e-05s
# elapsed time (loop_time): 3.8497e-05s
# elapsed time (loop_time): 9.757e-06s
# elapsed time (loop_time): 0.0423267s
# elapsed time (loop_time): 0.0677768s
# elapsed time (loop_time): 1.8239e-05s
# elapsed time (loop_time): 7.275e-06s
# elapsed time (loop_time): 6.485e-06s
# elapsed time (loop_time): 7.02e-06s
# elapsed time (loop_time): 6.653e-06s
# elapsed time (loop_time): 6.51e-06s
# elapsed time (loop_time): 6.099e-06s
# elapsed time (loop_time): 6.251e-06s
# elapsed time (loop_time): 6.457e-06s
# elapsed time (loop_time): 3.5265e-05s
# elapsed time (loop_time): 6.612e-06s
# elapsed time (loop_time): 6.865e-06s
# elapsed time (loop_time): 6.977e-06s
# elapsed time (loop_time): 6.483e-06s
# elapsed time (loop_time): 2.0044e-05s
# elapsed time (loop_time): 2.6215e-05s
# elapsed time (loop_time): 7.735e-06s
# elapsed time (loop_time): 6.753e-06s
# elapsed time (loop_time): 7.238e-06s
# elapsed time (loop_time): 6.323e-06s
# elapsed time (loop_time): 2.0319e-05s
# elapsed time (loop_time): 2.6836e-05s
# elapsed time (loop_time): 6.918e-06s
# elapsed time (loop_time): 6.871e-06s
# elapsed time (loop_time): 6.062e-06s
# elapsed time (loop_time): 0.0876871s
# elapsed time (loop_time): 4.5236e-05s
# elapsed time (loop_time): 9.252e-06s
# elapsed time (loop_time): 8.08e-06s
# elapsed time (loop_time): 9.075e-06s
# elapsed time (loop_time): 8.974e-06s
# elapsed time (loop_time): 2.5816e-05s
# elapsed time (loop_time): 0.0627922s
# elapsed time (loop_time): 7.313e-05s
# elapsed time (loop_time): 4.206e-05s
# elapsed time (loop_time): 1.7938e-05s
# elapsed time (loop_time): 1.6716e-05s
# elapsed time (loop_time): 1.3951e-05s
# elapsed time (loop_time): 3.6115e-05s
# elapsed time (loop_time): 3.8669e-05s
# elapsed time (loop_time): 1.5145e-05s
# elapsed time (loop_time): 0.0398836s
# elapsed time (loop_time): 0.0705438s
# elapsed time (loop_time): 0.107212s
# elapsed time (loop_time): 0.0609707s
# elapsed time (loop_time): 0.0567132s
# elapsed time (loop_time): 1.9032e-05s
# elapsed time (loop_time): 7.937e-06s
# elapsed time (loop_time): 8.668e-06s
# elapsed time (loop_time): 6.324e-06s
# elapsed time (loop_time): 9.16e-06s
# elapsed time (loop_time): 1.1753e-05s
# elapsed time (loop_time): 3.3651e-05s
# elapsed time (loop_time): 7.596e-06s
# elapsed time (loop_time): 1.1061e-05s
# elapsed time (loop_time): 1.0124e-05s
# elapsed time (loop_time): 9.538e-06s
# elapsed time (loop_time): 8.873e-06s
# elapsed time (loop_time): 9.309e-06s
# elapsed time (loop_time): 8.94e-06s
# elapsed time (loop_time): 9.737e-06s
# elapsed time (loop_time): 9.026e-06s
# elapsed time (loop_time): 8.849e-06s
# elapsed time (loop_time): 8.448e-06s
# elapsed time (loop_time): 9.335e-06s
# elapsed time (loop_time): 2.5519e-05s
# elapsed time (loop_time): 2.6528e-05s
# elapsed time (loop_time): 8.568e-06s
# elapsed time (loop_time): 1.0088e-05s
# elapsed time (loop_time): 0.047173s
# elapsed time (loop_time): 0.166486s
# elapsed time (loop_time): 1.833e-05s
# elapsed time (loop_time): 8.395e-06s
