
#################################
(sequential binary merge, max_mem=)
# elapsed time (mergesort_seq): 0.191614s
# elapsed time (mergesort_seq): 0.201613s
# elapsed time (mergesort_seq): 0.194572s
#################################
(sequential kway merge, max_mem=1982953)
# elapsed time (mergesort_seq): 0.195512s
# elapsed time (mergesort_seq): 0.185026s
# elapsed time (mergesort_seq): 0.178242s
#################################
(nthreads=2, max_mem=1982953)
# elapsed time (mergesort_omp): 0.15109s
# elapsed time (mergesort_ff): 0.152939s
# elapsed time (mergesort_omp): 0.145563s
# elapsed time (mergesort_ff): 0.178022s
# elapsed time (mergesort_omp): 0.142451s
# elapsed time (mergesort_ff): 0.159975s
#################################
(nthreads=4, max_mem=1982953)
# elapsed time (mergesort_omp): 0.0971413s
# elapsed time (mergesort_ff): 0.106615s
# elapsed time (mergesort_omp): 0.10722s
# elapsed time (mergesort_ff): 0.110048s
# elapsed time (mergesort_omp): 0.10425s
# elapsed time (mergesort_ff): 0.112847s
#################################
(nthreads=6, max_mem=1982953)
# elapsed time (mergesort_omp): 0.103008s
# elapsed time (mergesort_ff): 0.134645s
# elapsed time (mergesort_omp): 0.0990882s
# elapsed time (mergesort_ff): 0.138766s
# elapsed time (mergesort_omp): 0.0934539s
# elapsed time (mergesort_ff): 0.149926s
#################################
(nthreads=8, max_mem=1982953)
# elapsed time (mergesort_omp): 0.0896582s
# elapsed time (mergesort_ff): 0.150327s
# elapsed time (mergesort_omp): 0.0851886s
# elapsed time (mergesort_ff): 0.156758s
# elapsed time (mergesort_omp): 0.0857653s
# elapsed time (mergesort_ff): 0.1597s
#################################
(nthreads=10, max_mem=1982953)
# elapsed time (mergesort_omp): 0.0897529s
# elapsed time (mergesort_ff): 0.211634s
# elapsed time (mergesort_omp): 0.0991186s
# elapsed time (mergesort_ff): 0.241339s
# elapsed time (mergesort_omp): 0.0924296s
# elapsed time (mergesort_ff): 0.208002s
#################################
(nthreads=14, max_mem=1982953)
# elapsed time (mergesort_omp): 0.114723s
# elapsed time (mergesort_ff): 0.406865s
# elapsed time (mergesort_omp): 0.108592s
